Arguments: 
  /home/rahuldey/.nvm/versions/node/v18.15.0/bin/node /home/rahuldey/.nvm/versions/node/v18.15.0/bin/yarn add -D bable-watch

PATH: 
  /home/rahuldey/.nvm/versions/node/v18.15.0/bin:/usr/local/sbin:/usr/local/bin:/usr/sbin:/usr/bin:/sbin:/bin:/usr/games:/usr/local/games:/usr/lib/wsl/lib:/mnt/c/Program Files/WindowsApps/Microsoft.PowerShell_7.3.3.0_x64__8wekyb3d8bbwe:/mnt/c/WINDOWS/system32:/mnt/c/WINDOWS:/mnt/c/WINDOWS/System32/Wbem:/mnt/c/WINDOWS/System32/WindowsPowerShell/v1.0/:/mnt/c/WINDOWS/System32/OpenSSH/:/mnt/c/Program Files/Git/cmd:/mnt/c/Program Files/nodejs/:/mnt/c/Users/rahuldey/AppData/Local/Programs/Python/Python311/Scripts/:/mnt/c/Users/rahuldey/AppData/Local/Programs/Python/Python311/:/mnt/c/Users/rahuldey/AppData/Local/Microsoft/WindowsApps:/mnt/c/Users/rahuldey/AppData/Local/Programs/Microsoft VS Code/bin:/mnt/c/Users/rahuldey/AppData/Roaming/npm:/mnt/c/Users/rahuldey/AppData/Local/Programs/oh-my-posh/bin:/mnt/c/Users/rahuldey/AppData/Local/Programs/Microsoft VS Code Insiders/bin

Yarn version: 
  1.22.19

Node version: 
  18.15.0

Platform: 
  linux x64

Trace: 
  Error: https://registry.yarnpkg.com/bable-watch: Not found
      at params.callback [as _callback] (/home/rahuldey/.nvm/versions/node/v18.15.0/lib/node_modules/yarn/lib/cli.js:66145:18)
      at self.callback (/home/rahuldey/.nvm/versions/node/v18.15.0/lib/node_modules/yarn/lib/cli.js:140890:22)
      at Request.emit (node:events:513:28)
      at Request.<anonymous> (/home/rahuldey/.nvm/versions/node/v18.15.0/lib/node_modules/yarn/lib/cli.js:141862:10)
      at Request.emit (node:events:513:28)
      at IncomingMessage.<anonymous> (/home/rahuldey/.nvm/versions/node/v18.15.0/lib/node_modules/yarn/lib/cli.js:141784:12)
      at Object.onceWrapper (node:events:627:28)
      at IncomingMessage.emit (node:events:525:35)
      at endReadableNT (node:internal/streams/readable:1359:12)
      at process.processTicksAndRejections (node:internal/process/task_queues:82:21)

npm manifest: 
  {
    "name": "listings-service",
    "version": "1.0.0",
    "main": "index.js",
    "license": "MIT"
  }

yarn manifest: 
  No manifest

Lockfile: 
  No lockfile
